<?xml version="1.0" encoding="UTF-8"?>
<testng-results ignored="0" total="1" passed="1" failed="0" skipped="0">
  <reporter-output>
  </reporter-output>
  <suite started-at="2023-04-19T19:40:09 IST" name="Default suite" finished-at="2023-04-19T19:40:40 IST" duration-ms="30434">
    <groups>
    </groups>
    <test started-at="2023-04-19T19:40:09 IST" name="Default test" finished-at="2023-04-19T19:40:40 IST" duration-ms="30434">
      <class name="Browser.LaunchBrowser">
        <test-method signature="method()[pri:0, instance:Browser.LaunchBrowser@57af006c]" started-at="2023-04-19T19:40:10 IST" name="method" finished-at="2023-04-19T19:40:40 IST" duration-ms="30361" status="PASS">
          <reporter-output>
          </reporter-output>
        </test-method> <!-- method -->
      </class> <!-- Browser.LaunchBrowser -->
    </test> <!-- Default test -->
  </suite> <!-- Default suite -->
</testng-results>
